2021-06-29 00:41:51.969  INFO 7104 --- [RMI TCP Connection(2)-127.0.0.1] inMXBeanRegistrar$SpringApplicationAdmin : Application shutdown requested.
2021-06-29 00:41:52.056  INFO 7104 --- [RMI TCP Connection(2)-127.0.0.1] j.LocalContainerEntityManagerFactoryBean : Closing JPA EntityManagerFactory for persistence unit 'default'
2021-06-29 00:41:52.071  INFO 7104 --- [RMI TCP Connection(2)-127.0.0.1] com.zaxxer.hikari.HikariDataSource       : HikariPool-1 - Shutdown initiated...
2021-06-29 00:41:52.076  INFO 7104 --- [RMI TCP Connection(2)-127.0.0.1] com.zaxxer.hikari.HikariDataSource       : HikariPool-1 - Shutdown completed.
2021-06-29 00:41:58.317  INFO 2720 --- [main] s.projetFinal.ProjetFinalApplication     : Starting ProjetFinalApplication using Java 15.0.1 on DESKTOP-NJP61UP with PID 2720 (C:\Users\Batman\Desktop\WorkspacePart2\ProjetFinalSopra\projetFinal\target\classes started by Batman in C:\Users\Batman\Desktop\WorkspacePart2\ProjetFinalSopra\projetFinal)
2021-06-29 00:41:58.323  INFO 2720 --- [main] s.projetFinal.ProjetFinalApplication     : No active profile set, falling back to default profiles: default
2021-06-29 00:41:59.690  INFO 2720 --- [main] .s.d.r.c.RepositoryConfigurationDelegate : Bootstrapping Spring Data JPA repositories in DEFAULT mode.
2021-06-29 00:41:59.712  INFO 2720 --- [main] .s.d.r.c.RepositoryConfigurationDelegate : Finished Spring Data repository scanning in 11 ms. Found 0 JPA repository interfaces.
2021-06-29 00:42:00.488  INFO 2720 --- [main] o.s.b.w.embedded.tomcat.TomcatWebServer  : Tomcat initialized with port(s): 8081 (http)
2021-06-29 00:42:00.501  INFO 2720 --- [main] o.apache.catalina.core.StandardService   : Starting service [Tomcat]
2021-06-29 00:42:00.501  INFO 2720 --- [main] org.apache.catalina.core.StandardEngine  : Starting Servlet engine: [Apache Tomcat/9.0.48]
2021-06-29 00:42:00.911  INFO 2720 --- [main] org.apache.jasper.servlet.TldScanner     : At least one JAR was scanned for TLDs yet contained no TLDs. Enable debug logging for this logger for a complete list of JARs that were scanned but no TLDs were found in them. Skipping unneeded JARs during scanning can improve startup time and JSP compilation time.
2021-06-29 00:42:00.930  INFO 2720 --- [main] o.a.c.c.C.[Tomcat].[localhost].[/boot]   : Initializing Spring embedded WebApplicationContext
2021-06-29 00:42:00.930  INFO 2720 --- [main] w.s.c.ServletWebServerApplicationContext : Root WebApplicationContext: initialization completed in 2526 ms
2021-06-29 00:42:01.154  INFO 2720 --- [main] o.hibernate.jpa.internal.util.LogHelper  : HHH000204: Processing PersistenceUnitInfo [name: default]
2021-06-29 00:42:01.226  INFO 2720 --- [main] org.hibernate.Version                    : HHH000412: Hibernate ORM core version 5.4.32.Final
2021-06-29 00:42:01.414  INFO 2720 --- [main] o.hibernate.annotations.common.Version   : HCANN000001: Hibernate Commons Annotations {5.1.2.Final}
2021-06-29 00:42:01.606  INFO 2720 --- [main] com.zaxxer.hikari.HikariDataSource       : HikariPool-1 - Starting...
2021-06-29 00:42:01.851  INFO 2720 --- [main] com.zaxxer.hikari.HikariDataSource       : HikariPool-1 - Start completed.
2021-06-29 00:42:01.872  INFO 2720 --- [main] org.hibernate.dialect.Dialect            : HHH000400: Using dialect: org.hibernate.dialect.MySQL5InnoDBDialect
2021-06-29 00:42:02.651  INFO 2720 --- [main] org.hibernate.tuple.PojoInstantiator     : HHH000182: No default (no-argument) constructor for class: sopraAjc.projetFinal.entities.TypeJeuVideo (class must be instantiated by Interceptor)
2021-06-29 00:42:02.940  INFO 2720 --- [main] org.hibernate.tuple.PojoInstantiator     : HHH000182: No default (no-argument) constructor for class: sopraAjc.projetFinal.entities.TypeJeuSociete (class must be instantiated by Interceptor)
2021-06-29 00:42:02.966  INFO 2720 --- [main] org.hibernate.tuple.PojoInstantiator     : HHH000182: No default (no-argument) constructor for class: sopraAjc.projetFinal.entities.PlateformeJeuVideo (class must be instantiated by Interceptor)
2021-06-29 00:42:02.969  INFO 2720 --- [main] org.hibernate.tuple.PojoInstantiator     : HHH000182: No default (no-argument) constructor for class: sopraAjc.projetFinal.entities.JeuSociete (class must be instantiated by Interceptor)
2021-06-29 00:42:03.033  INFO 2720 --- [main] org.hibernate.tuple.PojoInstantiator     : HHH000182: No default (no-argument) constructor for class: sopraAjc.projetFinal.entities.SupportJeuSociete (class must be instantiated by Interceptor)
2021-06-29 00:42:03.364  INFO 2720 --- [main] o.h.e.t.j.p.i.JtaPlatformInitiator       : HHH000490: Using JtaPlatform implementation: [org.hibernate.engine.transaction.jta.platform.internal.NoJtaPlatform]
2021-06-29 00:42:03.373  INFO 2720 --- [main] j.LocalContainerEntityManagerFactoryBean : Initialized JPA EntityManagerFactory for persistence unit 'default'
2021-06-29 00:42:03.438  WARN 2720 --- [main] JpaBaseConfiguration$JpaWebConfiguration : spring.jpa.open-in-view is enabled by default. Therefore, database queries may be performed during view rendering. Explicitly configure spring.jpa.open-in-view to disable this warning
2021-06-29 00:42:03.976  INFO 2720 --- [main] .s.s.UserDetailsServiceAutoConfiguration : 

Using generated security password: 42969567-0dbd-4a90-b496-c980079d56be

2021-06-29 00:42:04.174  INFO 2720 --- [main] o.s.s.web.DefaultSecurityFilterChain     : Will secure any request with [org.springframework.security.web.context.request.async.WebAsyncManagerIntegrationFilter@40199d5e, org.springframework.security.web.context.SecurityContextPersistenceFilter@49222187, org.springframework.security.web.header.HeaderWriterFilter@6fbfd28b, org.springframework.security.web.csrf.CsrfFilter@48788853, org.springframework.security.web.authentication.logout.LogoutFilter@5cc152f9, org.springframework.security.web.authentication.UsernamePasswordAuthenticationFilter@758311ed, org.springframework.security.web.authentication.ui.DefaultLoginPageGeneratingFilter@36f497b1, org.springframework.security.web.authentication.ui.DefaultLogoutPageGeneratingFilter@5693d1d2, org.springframework.security.web.authentication.www.BasicAuthenticationFilter@608c2042, org.springframework.security.web.savedrequest.RequestCacheAwareFilter@2665a2e7, org.springframework.security.web.servletapi.SecurityContextHolderAwareRequestFilter@3897f9ae, org.springframework.security.web.authentication.AnonymousAuthenticationFilter@571c7572, org.springframework.security.web.session.SessionManagementFilter@58041b11, org.springframework.security.web.access.ExceptionTranslationFilter@5186c801, org.springframework.security.web.access.intercept.FilterSecurityInterceptor@453439e]
2021-06-29 00:42:04.303  INFO 2720 --- [main] o.s.b.w.embedded.tomcat.TomcatWebServer  : Tomcat started on port(s): 8081 (http) with context path '/boot'
2021-06-29 00:42:04.316  INFO 2720 --- [main] s.projetFinal.ProjetFinalApplication     : Started ProjetFinalApplication in 6.594 seconds (JVM running for 7.573)
2021-06-29 00:44:25.121  INFO 2720 --- [RMI TCP Connection(2)-127.0.0.1] inMXBeanRegistrar$SpringApplicationAdmin : Application shutdown requested.
2021-06-29 00:44:25.142  INFO 2720 --- [RMI TCP Connection(2)-127.0.0.1] j.LocalContainerEntityManagerFactoryBean : Closing JPA EntityManagerFactory for persistence unit 'default'
2021-06-29 00:44:25.144  INFO 2720 --- [RMI TCP Connection(2)-127.0.0.1] com.zaxxer.hikari.HikariDataSource       : HikariPool-1 - Shutdown initiated...
2021-06-29 00:44:25.163  INFO 2720 --- [RMI TCP Connection(2)-127.0.0.1] com.zaxxer.hikari.HikariDataSource       : HikariPool-1 - Shutdown completed.
2021-06-29 00:44:32.044  INFO 8152 --- [main] s.projetFinal.ProjetFinalApplication     : Starting ProjetFinalApplication using Java 15.0.1 on DESKTOP-NJP61UP with PID 8152 (C:\Users\Batman\Desktop\WorkspacePart2\ProjetFinalSopra\projetFinal\target\classes started by Batman in C:\Users\Batman\Desktop\WorkspacePart2\ProjetFinalSopra\projetFinal)
2021-06-29 00:44:32.046  INFO 8152 --- [main] s.projetFinal.ProjetFinalApplication     : No active profile set, falling back to default profiles: default
2021-06-29 00:44:33.392  INFO 8152 --- [main] .s.d.r.c.RepositoryConfigurationDelegate : Bootstrapping Spring Data JPA repositories in DEFAULT mode.
2021-06-29 00:44:33.436  INFO 8152 --- [main] .s.d.r.c.RepositoryConfigurationDelegate : Finished Spring Data repository scanning in 28 ms. Found 0 JPA repository interfaces.
2021-06-29 00:44:34.236  INFO 8152 --- [main] o.s.b.w.embedded.tomcat.TomcatWebServer  : Tomcat initialized with port(s): 8081 (http)
2021-06-29 00:44:34.255  INFO 8152 --- [main] o.apache.catalina.core.StandardService   : Starting service [Tomcat]
2021-06-29 00:44:34.256  INFO 8152 --- [main] org.apache.catalina.core.StandardEngine  : Starting Servlet engine: [Apache Tomcat/9.0.48]
2021-06-29 00:44:34.727  INFO 8152 --- [main] org.apache.jasper.servlet.TldScanner     : At least one JAR was scanned for TLDs yet contained no TLDs. Enable debug logging for this logger for a complete list of JARs that were scanned but no TLDs were found in them. Skipping unneeded JARs during scanning can improve startup time and JSP compilation time.
2021-06-29 00:44:34.745  INFO 8152 --- [main] o.a.c.c.C.[Tomcat].[localhost].[/boot]   : Initializing Spring embedded WebApplicationContext
2021-06-29 00:44:34.746  INFO 8152 --- [main] w.s.c.ServletWebServerApplicationContext : Root WebApplicationContext: initialization completed in 2562 ms
2021-06-29 00:44:34.956  INFO 8152 --- [main] o.hibernate.jpa.internal.util.LogHelper  : HHH000204: Processing PersistenceUnitInfo [name: default]
2021-06-29 00:44:35.055  INFO 8152 --- [main] org.hibernate.Version                    : HHH000412: Hibernate ORM core version 5.4.32.Final
2021-06-29 00:44:35.248  INFO 8152 --- [main] o.hibernate.annotations.common.Version   : HCANN000001: Hibernate Commons Annotations {5.1.2.Final}
2021-06-29 00:44:35.432  INFO 8152 --- [main] com.zaxxer.hikari.HikariDataSource       : HikariPool-1 - Starting...
2021-06-29 00:44:35.620  INFO 8152 --- [main] com.zaxxer.hikari.HikariDataSource       : HikariPool-1 - Start completed.
2021-06-29 00:44:35.642  INFO 8152 --- [main] org.hibernate.dialect.Dialect            : HHH000400: Using dialect: org.hibernate.dialect.MySQL5InnoDBDialect
2021-06-29 00:44:36.439  INFO 8152 --- [main] org.hibernate.tuple.PojoInstantiator     : HHH000182: No default (no-argument) constructor for class: sopraAjc.projetFinal.entities.TypeJeuVideo (class must be instantiated by Interceptor)
2021-06-29 00:44:36.703  INFO 8152 --- [main] org.hibernate.tuple.PojoInstantiator     : HHH000182: No default (no-argument) constructor for class: sopraAjc.projetFinal.entities.TypeJeuSociete (class must be instantiated by Interceptor)
2021-06-29 00:44:36.723  INFO 8152 --- [main] org.hibernate.tuple.PojoInstantiator     : HHH000182: No default (no-argument) constructor for class: sopraAjc.projetFinal.entities.PlateformeJeuVideo (class must be instantiated by Interceptor)
2021-06-29 00:44:36.728  INFO 8152 --- [main] org.hibernate.tuple.PojoInstantiator     : HHH000182: No default (no-argument) constructor for class: sopraAjc.projetFinal.entities.JeuSociete (class must be instantiated by Interceptor)
2021-06-29 00:44:36.781  INFO 8152 --- [main] org.hibernate.tuple.PojoInstantiator     : HHH000182: No default (no-argument) constructor for class: sopraAjc.projetFinal.entities.SupportJeuSociete (class must be instantiated by Interceptor)
2021-06-29 00:44:38.889  INFO 8152 --- [main] o.h.e.t.j.p.i.JtaPlatformInitiator       : HHH000490: Using JtaPlatform implementation: [org.hibernate.engine.transaction.jta.platform.internal.NoJtaPlatform]
2021-06-29 00:44:38.903  INFO 8152 --- [main] j.LocalContainerEntityManagerFactoryBean : Initialized JPA EntityManagerFactory for persistence unit 'default'
2021-06-29 00:44:38.966  WARN 8152 --- [main] JpaBaseConfiguration$JpaWebConfiguration : spring.jpa.open-in-view is enabled by default. Therefore, database queries may be performed during view rendering. Explicitly configure spring.jpa.open-in-view to disable this warning
2021-06-29 00:44:39.514  INFO 8152 --- [main] .s.s.UserDetailsServiceAutoConfiguration : 

Using generated security password: 48369316-dfc6-4352-b403-6c51280dad46

2021-06-29 00:44:39.692  INFO 8152 --- [main] o.s.s.web.DefaultSecurityFilterChain     : Will secure any request with [org.springframework.security.web.context.request.async.WebAsyncManagerIntegrationFilter@5036a286, org.springframework.security.web.context.SecurityContextPersistenceFilter@15a8bbe5, org.springframework.security.web.header.HeaderWriterFilter@178ebac3, org.springframework.security.web.csrf.CsrfFilter@337eeceb, org.springframework.security.web.authentication.logout.LogoutFilter@498b697, org.springframework.security.web.authentication.UsernamePasswordAuthenticationFilter@50628080, org.springframework.security.web.authentication.ui.DefaultLoginPageGeneratingFilter@5f8da82, org.springframework.security.web.authentication.ui.DefaultLogoutPageGeneratingFilter@73818435, org.springframework.security.web.authentication.www.BasicAuthenticationFilter@70b630d, org.springframework.security.web.savedrequest.RequestCacheAwareFilter@5f26cb8b, org.springframework.security.web.servletapi.SecurityContextHolderAwareRequestFilter@7f9dbe11, org.springframework.security.web.authentication.AnonymousAuthenticationFilter@2fce8243, org.springframework.security.web.session.SessionManagementFilter@79c2bc34, org.springframework.security.web.access.ExceptionTranslationFilter@c6c58ce, org.springframework.security.web.access.intercept.FilterSecurityInterceptor@602b7944]
2021-06-29 00:44:39.815  INFO 8152 --- [main] o.s.b.w.embedded.tomcat.TomcatWebServer  : Tomcat started on port(s): 8081 (http) with context path '/boot'
2021-06-29 00:44:39.829  INFO 8152 --- [main] s.projetFinal.ProjetFinalApplication     : Started ProjetFinalApplication in 8.41 seconds (JVM running for 9.351)
2021-06-29 01:05:07.250  INFO 8152 --- [RMI TCP Connection(2)-127.0.0.1] inMXBeanRegistrar$SpringApplicationAdmin : Application shutdown requested.
2021-06-29 01:05:07.263  INFO 8152 --- [RMI TCP Connection(2)-127.0.0.1] j.LocalContainerEntityManagerFactoryBean : Closing JPA EntityManagerFactory for persistence unit 'default'
2021-06-29 01:05:07.265  INFO 8152 --- [RMI TCP Connection(2)-127.0.0.1] com.zaxxer.hikari.HikariDataSource       : HikariPool-1 - Shutdown initiated...
2021-06-29 01:05:07.271  INFO 8152 --- [RMI TCP Connection(2)-127.0.0.1] com.zaxxer.hikari.HikariDataSource       : HikariPool-1 - Shutdown completed.
2021-06-29 10:25:15.167  INFO 19212 --- [main] s.p.ProjetFinalApplicationTests          : Starting ProjetFinalApplicationTests using Java 15.0.1 on DESKTOP-RHPQL8U with PID 19212 (started by Axelle in C:\Users\Axelle\Desktop\Formation\ProjetFinalSopra\projetFinal)
2021-06-29 10:25:15.171  INFO 19212 --- [main] s.p.ProjetFinalApplicationTests          : No active profile set, falling back to default profiles: default
2021-06-29 10:25:16.412  INFO 19212 --- [main] .s.d.r.c.RepositoryConfigurationDelegate : Bootstrapping Spring Data JPA repositories in DEFAULT mode.
2021-06-29 10:25:16.477  INFO 19212 --- [main] .s.d.r.c.RepositoryConfigurationDelegate : Finished Spring Data repository scanning in 40 ms. Found 0 JPA repository interfaces.
2021-06-29 10:25:17.680  INFO 19212 --- [main] o.hibernate.jpa.internal.util.LogHelper  : HHH000204: Processing PersistenceUnitInfo [name: default]
2021-06-29 10:25:17.743  INFO 19212 --- [main] org.hibernate.Version                    : HHH000412: Hibernate ORM core version 5.4.32.Final
2021-06-29 10:25:17.890  INFO 19212 --- [main] o.hibernate.annotations.common.Version   : HCANN000001: Hibernate Commons Annotations {5.1.2.Final}
2021-06-29 10:25:18.114  INFO 19212 --- [main] com.zaxxer.hikari.HikariDataSource       : HikariPool-1 - Starting...
2021-06-29 10:25:18.620  INFO 19212 --- [main] com.zaxxer.hikari.HikariDataSource       : HikariPool-1 - Start completed.
2021-06-29 10:25:18.636  INFO 19212 --- [main] org.hibernate.dialect.Dialect            : HHH000400: Using dialect: org.hibernate.dialect.MySQL5InnoDBDialect
2021-06-29 10:25:19.278  INFO 19212 --- [main] org.hibernate.tuple.PojoInstantiator     : HHH000182: No default (no-argument) constructor for class: sopraAjc.projetFinal.entities.TypeJeuVideo (class must be instantiated by Interceptor)
2021-06-29 10:25:19.545  INFO 19212 --- [main] org.hibernate.tuple.PojoInstantiator     : HHH000182: No default (no-argument) constructor for class: sopraAjc.projetFinal.entities.TypeJeuSociete (class must be instantiated by Interceptor)
2021-06-29 10:25:19.561  INFO 19212 --- [main] org.hibernate.tuple.PojoInstantiator     : HHH000182: No default (no-argument) constructor for class: sopraAjc.projetFinal.entities.PlateformeJeuVideo (class must be instantiated by Interceptor)
2021-06-29 10:25:19.563  INFO 19212 --- [main] org.hibernate.tuple.PojoInstantiator     : HHH000182: No default (no-argument) constructor for class: sopraAjc.projetFinal.entities.JeuSociete (class must be instantiated by Interceptor)
2021-06-29 10:25:19.607  INFO 19212 --- [main] org.hibernate.tuple.PojoInstantiator     : HHH000182: No default (no-argument) constructor for class: sopraAjc.projetFinal.entities.SupportJeuSociete (class must be instantiated by Interceptor)
2021-06-29 10:25:20.797  INFO 19212 --- [main] o.h.e.t.j.p.i.JtaPlatformInitiator       : HHH000490: Using JtaPlatform implementation: [org.hibernate.engine.transaction.jta.platform.internal.NoJtaPlatform]
2021-06-29 10:25:20.815  INFO 19212 --- [main] j.LocalContainerEntityManagerFactoryBean : Initialized JPA EntityManagerFactory for persistence unit 'default'
2021-06-29 10:25:21.201  WARN 19212 --- [main] JpaBaseConfiguration$JpaWebConfiguration : spring.jpa.open-in-view is enabled by default. Therefore, database queries may be performed during view rendering. Explicitly configure spring.jpa.open-in-view to disable this warning
2021-06-29 10:25:22.230  INFO 19212 --- [main] .s.s.UserDetailsServiceAutoConfiguration : 

Using generated security password: 1d59491f-9ecc-4e1d-8651-424a235cd90e

2021-06-29 10:25:22.760  INFO 19212 --- [main] o.s.s.web.DefaultSecurityFilterChain     : Will secure any request with [org.springframework.security.web.context.request.async.WebAsyncManagerIntegrationFilter@3a9040f0, org.springframework.security.web.context.SecurityContextPersistenceFilter@72e1e587, org.springframework.security.web.header.HeaderWriterFilter@7bf94e91, org.springframework.security.web.csrf.CsrfFilter@69d61a6f, org.springframework.security.web.authentication.logout.LogoutFilter@301f9aa0, org.springframework.security.web.authentication.UsernamePasswordAuthenticationFilter@4cd1716d, org.springframework.security.web.authentication.ui.DefaultLoginPageGeneratingFilter@6b6606d1, org.springframework.security.web.authentication.ui.DefaultLogoutPageGeneratingFilter@33214124, org.springframework.security.web.authentication.www.BasicAuthenticationFilter@31f5ffb9, org.springframework.security.web.savedrequest.RequestCacheAwareFilter@2fce8243, org.springframework.security.web.servletapi.SecurityContextHolderAwareRequestFilter@1361e880, org.springframework.security.web.authentication.AnonymousAuthenticationFilter@2d3768ce, org.springframework.security.web.session.SessionManagementFilter@44ec4a38, org.springframework.security.web.access.ExceptionTranslationFilter@5e5a2b74, org.springframework.security.web.access.intercept.FilterSecurityInterceptor@32c8d67]
2021-06-29 10:25:22.952  INFO 19212 --- [main] s.p.ProjetFinalApplicationTests          : Started ProjetFinalApplicationTests in 8.435 seconds (JVM running for 10.218)
2021-06-29 10:25:23.298  INFO 19212 --- [SpringApplicationShutdownHook] j.LocalContainerEntityManagerFactoryBean : Closing JPA EntityManagerFactory for persistence unit 'default'
2021-06-29 10:25:23.301  INFO 19212 --- [SpringApplicationShutdownHook] com.zaxxer.hikari.HikariDataSource       : HikariPool-1 - Shutdown initiated...
2021-06-29 10:25:23.320  INFO 19212 --- [SpringApplicationShutdownHook] com.zaxxer.hikari.HikariDataSource       : HikariPool-1 - Shutdown completed.
2021-06-29 10:27:23.747  INFO 12800 --- [main] s.p.ProjetFinalApplicationTests          : Starting ProjetFinalApplicationTests using Java 15.0.1 on DESKTOP-RHPQL8U with PID 12800 (started by Axelle in C:\Users\Axelle\Desktop\Formation\ProjetFinalSopra\projetFinal)
2021-06-29 10:27:23.751  INFO 12800 --- [main] s.p.ProjetFinalApplicationTests          : No active profile set, falling back to default profiles: default
2021-06-29 10:27:24.970  INFO 12800 --- [main] .s.d.r.c.RepositoryConfigurationDelegate : Bootstrapping Spring Data JPA repositories in DEFAULT mode.
2021-06-29 10:27:25.000  INFO 12800 --- [main] .s.d.r.c.RepositoryConfigurationDelegate : Finished Spring Data repository scanning in 18 ms. Found 0 JPA repository interfaces.
2021-06-29 10:27:25.985  INFO 12800 --- [main] o.hibernate.jpa.internal.util.LogHelper  : HHH000204: Processing PersistenceUnitInfo [name: default]
2021-06-29 10:27:26.049  INFO 12800 --- [main] org.hibernate.Version                    : HHH000412: Hibernate ORM core version 5.4.32.Final
2021-06-29 10:27:26.225  INFO 12800 --- [main] o.hibernate.annotations.common.Version   : HCANN000001: Hibernate Commons Annotations {5.1.2.Final}
2021-06-29 10:27:26.424  INFO 12800 --- [main] com.zaxxer.hikari.HikariDataSource       : HikariPool-1 - Starting...
2021-06-29 10:27:26.638  INFO 12800 --- [main] com.zaxxer.hikari.HikariDataSource       : HikariPool-1 - Start completed.
2021-06-29 10:27:26.655  INFO 12800 --- [main] org.hibernate.dialect.Dialect            : HHH000400: Using dialect: org.hibernate.dialect.MySQL5InnoDBDialect
2021-06-29 10:27:27.618  INFO 12800 --- [main] org.hibernate.tuple.PojoInstantiator     : HHH000182: No default (no-argument) constructor for class: sopraAjc.projetFinal.entities.TypeJeuVideo (class must be instantiated by Interceptor)
2021-06-29 10:27:27.847  INFO 12800 --- [main] org.hibernate.tuple.PojoInstantiator     : HHH000182: No default (no-argument) constructor for class: sopraAjc.projetFinal.entities.TypeJeuSociete (class must be instantiated by Interceptor)
2021-06-29 10:27:27.863  INFO 12800 --- [main] org.hibernate.tuple.PojoInstantiator     : HHH000182: No default (no-argument) constructor for class: sopraAjc.projetFinal.entities.PlateformeJeuVideo (class must be instantiated by Interceptor)
2021-06-29 10:27:27.865  INFO 12800 --- [main] org.hibernate.tuple.PojoInstantiator     : HHH000182: No default (no-argument) constructor for class: sopraAjc.projetFinal.entities.JeuSociete (class must be instantiated by Interceptor)
2021-06-29 10:27:27.903  INFO 12800 --- [main] org.hibernate.tuple.PojoInstantiator     : HHH000182: No default (no-argument) constructor for class: sopraAjc.projetFinal.entities.SupportJeuSociete (class must be instantiated by Interceptor)
2021-06-29 10:27:28.453  INFO 12800 --- [main] o.h.e.t.j.p.i.JtaPlatformInitiator       : HHH000490: Using JtaPlatform implementation: [org.hibernate.engine.transaction.jta.platform.internal.NoJtaPlatform]
2021-06-29 10:27:28.463  INFO 12800 --- [main] j.LocalContainerEntityManagerFactoryBean : Initialized JPA EntityManagerFactory for persistence unit 'default'
2021-06-29 10:27:29.187  WARN 12800 --- [main] JpaBaseConfiguration$JpaWebConfiguration : spring.jpa.open-in-view is enabled by default. Therefore, database queries may be performed during view rendering. Explicitly configure spring.jpa.open-in-view to disable this warning
2021-06-29 10:27:30.254  INFO 12800 --- [main] .s.s.UserDetailsServiceAutoConfiguration : 

Using generated security password: fa254f6e-7d3a-43f9-92e2-685772e12f48

2021-06-29 10:27:30.728  INFO 12800 --- [main] o.s.s.web.DefaultSecurityFilterChain     : Will secure any request with [org.springframework.security.web.context.request.async.WebAsyncManagerIntegrationFilter@78e7b83, org.springframework.security.web.context.SecurityContextPersistenceFilter@10e4cc6, org.springframework.security.web.header.HeaderWriterFilter@37393dab, org.springframework.security.web.csrf.CsrfFilter@70273633, org.springframework.security.web.authentication.logout.LogoutFilter@3b17759c, org.springframework.security.web.authentication.UsernamePasswordAuthenticationFilter@4fe9adfb, org.springframework.security.web.authentication.ui.DefaultLoginPageGeneratingFilter@2fd8b081, org.springframework.security.web.authentication.ui.DefaultLogoutPageGeneratingFilter@6761f75b, org.springframework.security.web.authentication.www.BasicAuthenticationFilter@862624f, org.springframework.security.web.savedrequest.RequestCacheAwareFilter@4d3a7f83, org.springframework.security.web.servletapi.SecurityContextHolderAwareRequestFilter@6127ef86, org.springframework.security.web.authentication.AnonymousAuthenticationFilter@7c8a91e2, org.springframework.security.web.session.SessionManagementFilter@3506bc8b, org.springframework.security.web.access.ExceptionTranslationFilter@72e1e587, org.springframework.security.web.access.intercept.FilterSecurityInterceptor@39fc17be]
2021-06-29 10:27:30.939  INFO 12800 --- [main] s.p.ProjetFinalApplicationTests          : Started ProjetFinalApplicationTests in 7.728 seconds (JVM running for 9.146)
2021-06-29 10:27:31.529  INFO 12800 --- [SpringApplicationShutdownHook] j.LocalContainerEntityManagerFactoryBean : Closing JPA EntityManagerFactory for persistence unit 'default'
2021-06-29 10:27:31.535  INFO 12800 --- [SpringApplicationShutdownHook] com.zaxxer.hikari.HikariDataSource       : HikariPool-1 - Shutdown initiated...
2021-06-29 10:27:31.578  INFO 12800 --- [SpringApplicationShutdownHook] com.zaxxer.hikari.HikariDataSource       : HikariPool-1 - Shutdown completed.
2021-06-29 10:28:36.838  INFO 9552 --- [main] s.projetFinal.ProjetFinalApplication     : Starting ProjetFinalApplication using Java 15.0.1 on DESKTOP-RHPQL8U with PID 9552 (C:\Users\Axelle\Desktop\Formation\ProjetFinalSopra\projetFinal\target\classes started by Axelle in C:\Users\Axelle\Desktop\Formation\ProjetFinalSopra\projetFinal)
2021-06-29 10:28:36.848  INFO 9552 --- [main] s.projetFinal.ProjetFinalApplication     : No active profile set, falling back to default profiles: default
2021-06-29 10:28:37.732  INFO 9552 --- [main] .s.d.r.c.RepositoryConfigurationDelegate : Bootstrapping Spring Data JPA repositories in DEFAULT mode.
2021-06-29 10:28:37.753  INFO 9552 --- [main] .s.d.r.c.RepositoryConfigurationDelegate : Finished Spring Data repository scanning in 10 ms. Found 0 JPA repository interfaces.
2021-06-29 10:28:38.421  INFO 9552 --- [main] o.s.b.w.embedded.tomcat.TomcatWebServer  : Tomcat initialized with port(s): 8081 (http)
2021-06-29 10:28:38.436  INFO 9552 --- [main] o.apache.catalina.core.StandardService   : Starting service [Tomcat]
2021-06-29 10:28:38.437  INFO 9552 --- [main] org.apache.catalina.core.StandardEngine  : Starting Servlet engine: [Apache Tomcat/9.0.48]
2021-06-29 10:28:38.829  INFO 9552 --- [main] org.apache.jasper.servlet.TldScanner     : At least one JAR was scanned for TLDs yet contained no TLDs. Enable debug logging for this logger for a complete list of JARs that were scanned but no TLDs were found in them. Skipping unneeded JARs during scanning can improve startup time and JSP compilation time.
2021-06-29 10:28:38.845  INFO 9552 --- [main] o.a.c.c.C.[Tomcat].[localhost].[/boot]   : Initializing Spring embedded WebApplicationContext
2021-06-29 10:28:38.845  INFO 9552 --- [main] w.s.c.ServletWebServerApplicationContext : Root WebApplicationContext: initialization completed in 1924 ms
2021-06-29 10:28:39.024  INFO 9552 --- [main] o.hibernate.jpa.internal.util.LogHelper  : HHH000204: Processing PersistenceUnitInfo [name: default]
2021-06-29 10:28:39.070  INFO 9552 --- [main] org.hibernate.Version                    : HHH000412: Hibernate ORM core version 5.4.32.Final
2021-06-29 10:28:39.199  INFO 9552 --- [main] o.hibernate.annotations.common.Version   : HCANN000001: Hibernate Commons Annotations {5.1.2.Final}
2021-06-29 10:28:39.319  INFO 9552 --- [main] com.zaxxer.hikari.HikariDataSource       : HikariPool-1 - Starting...
2021-06-29 10:28:39.463  INFO 9552 --- [main] com.zaxxer.hikari.HikariDataSource       : HikariPool-1 - Start completed.
2021-06-29 10:28:39.480  INFO 9552 --- [main] org.hibernate.dialect.Dialect            : HHH000400: Using dialect: org.hibernate.dialect.MySQL5InnoDBDialect
2021-06-29 10:28:40.099  INFO 9552 --- [main] org.hibernate.tuple.PojoInstantiator     : HHH000182: No default (no-argument) constructor for class: sopraAjc.projetFinal.entities.TypeJeuVideo (class must be instantiated by Interceptor)
2021-06-29 10:28:40.350  INFO 9552 --- [main] org.hibernate.tuple.PojoInstantiator     : HHH000182: No default (no-argument) constructor for class: sopraAjc.projetFinal.entities.TypeJeuSociete (class must be instantiated by Interceptor)
2021-06-29 10:28:40.370  INFO 9552 --- [main] org.hibernate.tuple.PojoInstantiator     : HHH000182: No default (no-argument) constructor for class: sopraAjc.projetFinal.entities.PlateformeJeuVideo (class must be instantiated by Interceptor)
2021-06-29 10:28:40.373  INFO 9552 --- [main] org.hibernate.tuple.PojoInstantiator     : HHH000182: No default (no-argument) constructor for class: sopraAjc.projetFinal.entities.JeuSociete (class must be instantiated by Interceptor)
2021-06-29 10:28:40.428  INFO 9552 --- [main] org.hibernate.tuple.PojoInstantiator     : HHH000182: No default (no-argument) constructor for class: sopraAjc.projetFinal.entities.SupportJeuSociete (class must be instantiated by Interceptor)
2021-06-29 10:28:40.734  INFO 9552 --- [main] o.h.e.t.j.p.i.JtaPlatformInitiator       : HHH000490: Using JtaPlatform implementation: [org.hibernate.engine.transaction.jta.platform.internal.NoJtaPlatform]
2021-06-29 10:28:40.746  INFO 9552 --- [main] j.LocalContainerEntityManagerFactoryBean : Initialized JPA EntityManagerFactory for persistence unit 'default'
2021-06-29 10:28:40.824  WARN 9552 --- [main] JpaBaseConfiguration$JpaWebConfiguration : spring.jpa.open-in-view is enabled by default. Therefore, database queries may be performed during view rendering. Explicitly configure spring.jpa.open-in-view to disable this warning
2021-06-29 10:28:41.209  INFO 9552 --- [main] .s.s.UserDetailsServiceAutoConfiguration : 

Using generated security password: dfabfdee-49d3-4ff2-9ac5-60b0086f0797

2021-06-29 10:28:41.347  INFO 9552 --- [main] o.s.s.web.DefaultSecurityFilterChain     : Will secure any request with [org.springframework.security.web.context.request.async.WebAsyncManagerIntegrationFilter@44428583, org.springframework.security.web.context.SecurityContextPersistenceFilter@3efb863c, org.springframework.security.web.header.HeaderWriterFilter@988c126, org.springframework.security.web.csrf.CsrfFilter@54b35809, org.springframework.security.web.authentication.logout.LogoutFilter@193d7ac7, org.springframework.security.web.authentication.UsernamePasswordAuthenticationFilter@2f3c7b24, org.springframework.security.web.authentication.ui.DefaultLoginPageGeneratingFilter@7d0333c8, org.springframework.security.web.authentication.ui.DefaultLogoutPageGeneratingFilter@265c0752, org.springframework.security.web.authentication.www.BasicAuthenticationFilter@516155b5, org.springframework.security.web.savedrequest.RequestCacheAwareFilter@483fe83a, org.springframework.security.web.servletapi.SecurityContextHolderAwareRequestFilter@28e24663, org.springframework.security.web.authentication.AnonymousAuthenticationFilter@7d4b32d1, org.springframework.security.web.session.SessionManagementFilter@34e53c02, org.springframework.security.web.access.ExceptionTranslationFilter@3a663a45, org.springframework.security.web.access.intercept.FilterSecurityInterceptor@7167d81b]
2021-06-29 10:28:41.465  INFO 9552 --- [main] o.s.b.w.embedded.tomcat.TomcatWebServer  : Tomcat started on port(s): 8081 (http) with context path '/boot'
2021-06-29 10:28:41.474  INFO 9552 --- [main] s.projetFinal.ProjetFinalApplication     : Started ProjetFinalApplication in 5.161 seconds (JVM running for 5.866)
